Using pre-set license
Built from '2022.3/staging' branch; Version is '2022.3.8f1 (b5eafc012955) revision 11922172'; Using compiler version '192829333'; Build Type 'Release'
OS: 'Windows 10  (10.0.19045) 64bit Core' Language: 'zh' Physical Memory: 32175 MB
BatchMode: 1, IsHumanControllingUs: 0, StartBugReporterOnCrash: 0, Is64bit: 1, IsPro: 1

COMMAND LINE ARGUMENTS:
C:\Program Files\Unity\Hub\Editor\2022.3.8f1\Editor\Unity.exe
-adb2
-batchMode
-noUpm
-name
AssetImportWorker3
-projectPath
C:/Users/wsw23/OneDrive/文档/GitHub/GAME3400-Group4/Game3400
-logFile
Logs/AssetImportWorker3.log
-srvPort
58285
Successfully changed project path to: C:/Users/wsw23/OneDrive/文档/GitHub/GAME3400-Group4/Game3400
C:/Users/wsw23/OneDrive/文档/GitHub/GAME3400-Group4/Game3400
[UnityMemory] Configuration Parameters - Can be set up in boot.config
    "memorysetup-bucket-allocator-granularity=16"
    "memorysetup-bucket-allocator-bucket-count=8"
    "memorysetup-bucket-allocator-block-size=33554432"
    "memorysetup-bucket-allocator-block-count=8"
    "memorysetup-main-allocator-block-size=16777216"
    "memorysetup-thread-allocator-block-size=16777216"
    "memorysetup-gfx-main-allocator-block-size=16777216"
    "memorysetup-gfx-thread-allocator-block-size=16777216"
    "memorysetup-cache-allocator-block-size=4194304"
    "memorysetup-typetree-allocator-block-size=2097152"
    "memorysetup-profiler-bucket-allocator-granularity=16"
    "memorysetup-profiler-bucket-allocator-bucket-count=8"
    "memorysetup-profiler-bucket-allocator-block-size=33554432"
    "memorysetup-profiler-bucket-allocator-block-count=8"
    "memorysetup-profiler-allocator-block-size=16777216"
    "memorysetup-profiler-editor-allocator-block-size=1048576"
    "memorysetup-temp-allocator-size-main=16777216"
    "memorysetup-job-temp-allocator-block-size=2097152"
    "memorysetup-job-temp-allocator-block-size-background=1048576"
    "memorysetup-job-temp-allocator-reduction-small-platforms=262144"
    "memorysetup-allocator-temp-initial-block-size-main=262144"
    "memorysetup-allocator-temp-initial-block-size-worker=262144"
    "memorysetup-temp-allocator-size-background-worker=32768"
    "memorysetup-temp-allocator-size-job-worker=262144"
    "memorysetup-temp-allocator-size-preload-manager=33554432"
    "memorysetup-temp-allocator-size-nav-mesh-worker=65536"
    "memorysetup-temp-allocator-size-audio-worker=65536"
    "memorysetup-temp-allocator-size-cloud-worker=32768"
    "memorysetup-temp-allocator-size-gi-baking-worker=262144"
    "memorysetup-temp-allocator-size-gfx=262144"
Player connection [26560] Host "[IP] 192.168.1.153 [Port] 0 [Flags] 2 [Guid] 1583156432 [EditorId] 1583156432 [Version] 1048832 [Id] WindowsEditor(7,LAPTOP-57H5USGA) [Debug] 1 [PackageName] WindowsEditor [ProjectName] Editor" joined multi-casting on [225.0.0.222:54997]...

Player connection [26560] Host "[IP] 192.168.1.153 [Port] 0 [Flags] 2 [Guid] 1583156432 [EditorId] 1583156432 [Version] 1048832 [Id] WindowsEditor(7,LAPTOP-57H5USGA) [Debug] 1 [PackageName] WindowsEditor [ProjectName] Editor" joined alternative multi-casting on [225.0.0.222:34997]...

[Physics::Module] Initialized MultithreadedJobDispatcher with 15 workers.
Refreshing native plugins compatible for Editor in 14.00 ms, found 3 plugins.
Preloading 0 native plugins for Editor in 0.00 ms.
Initialize engine version: 2022.3.8f1 (b5eafc012955)
[Subsystems] Discovering subsystems at path C:/Program Files/Unity/Hub/Editor/2022.3.8f1/Editor/Data/Resources/UnitySubsystems
[Subsystems] Discovering subsystems at path C:/Users/wsw23/OneDrive/文档/GitHub/GAME3400-Group4/Game3400/Assets
GfxDevice: creating device client; threaded=0; jobified=0
Direct3D:
    Version:  Direct3D 11.0 [level 11.1]
    Renderer: NVIDIA GeForce RTX 3070 Laptop GPU (ID=0x249d)
    Vendor:   NVIDIA
    VRAM:     8033 MB
    Driver:   31.0.15.3179
Initialize mono
Mono path[0] = 'C:/Program Files/Unity/Hub/Editor/2022.3.8f1/Editor/Data/Managed'
Mono path[1] = 'C:/Program Files/Unity/Hub/Editor/2022.3.8f1/Editor/Data/MonoBleedingEdge/lib/mono/unityjit-win32'
Mono config path = 'C:/Program Files/Unity/Hub/Editor/2022.3.8f1/Editor/Data/MonoBleedingEdge/etc'
Using monoOptions --debugger-agent=transport=dt_socket,embedding=1,server=y,suspend=n,address=127.0.0.1:56700
Begin MonoManager ReloadAssembly
Registering precompiled unity dll's ...
Register platform support module: C:/Program Files/Unity/Hub/Editor/2022.3.8f1/Editor/Data/PlaybackEngines/WebGLSupport/UnityEditor.WebGL.Extensions.dll
Register platform support module: C:/Program Files/Unity/Hub/Editor/2022.3.8f1/Editor/Data/PlaybackEngines/MacStandaloneSupport/UnityEditor.OSXStandalone.Extensions.dll
Register platform support module: C:/Program Files/Unity/Hub/Editor/2022.3.8f1/Editor/Data/PlaybackEngines/WindowsStandaloneSupport/UnityEditor.WindowsStandalone.Extensions.dll
Registered in 0.018571 seconds.
- Loaded All Assemblies, in  0.365 seconds
Native extension for WindowsStandalone target not found
Native extension for OSXStandalone target not found
Native extension for WebGL target not found
Mono: successfully reloaded assembly
- Finished resetting the current domain, in  0.223 seconds
Domain Reload Profiling: 584ms
	BeginReloadAssembly (117ms)
		ExecutionOrderSort (0ms)
		DisableScriptedObjects (0ms)
		BackupInstance (0ms)
		ReleaseScriptingObjects (0ms)
		CreateAndSetChildDomain (1ms)
	RebuildCommonClasses (32ms)
	RebuildNativeTypeToScriptingClass (9ms)
	initialDomainReloadingComplete (75ms)
	LoadAllAssembliesAndSetupDomain (128ms)
		LoadAssemblies (114ms)
		RebuildTransferFunctionScriptingTraits (0ms)
		AnalyzeDomain (126ms)
			TypeCache.Refresh (124ms)
				TypeCache.ScanAssembly (113ms)
			ScanForSourceGeneratedMonoScriptInfo (0ms)
			ResolveRequiredComponents (0ms)
	FinalizeReload (223ms)
		ReleaseScriptCaches (0ms)
		RebuildScriptCaches (0ms)
		SetupLoadedEditorAssemblies (176ms)
			LogAssemblyErrors (0ms)
			InitializePlatformSupportModulesInManaged (16ms)
			SetLoadedEditorAssemblies (5ms)
			RefreshPlugins (0ms)
			BeforeProcessingInitializeOnLoad (2ms)
			ProcessInitializeOnLoadAttributes (111ms)
			ProcessInitializeOnLoadMethodAttributes (41ms)
			AfterProcessingInitializeOnLoad (0ms)
			EditorAssembliesLoaded (0ms)
		ExecutionOrderSort2 (0ms)
		AwakeInstancesAfterBackupRestoration (0ms)
========================================================================
Worker process is ready to serve import requests
Begin MonoManager ReloadAssembly
- Loaded All Assemblies, in  0.647 seconds
Refreshing native plugins compatible for Editor in 5.08 ms, found 3 plugins.
Native extension for WindowsStandalone target not found
Native extension for OSXStandalone target not found
Native extension for WebGL target not found
Package Manager log level set to [2]
[Package Manager] Server::EnsureServerProcessIsRunning -- launch failed, reason: Unity was launched with the -noUpm command-line argument
[Package Manager] UpmClient::Send -- Unable to send message (not connected to UPM process).
[Package Manager] Cannot connect to Unity Package Manager local server
Mono: successfully reloaded assembly
- Finished resetting the current domain, in  0.516 seconds
Domain Reload Profiling: 1158ms
	BeginReloadAssembly (153ms)
		ExecutionOrderSort (0ms)
		DisableScriptedObjects (5ms)
		BackupInstance (0ms)
		ReleaseScriptingObjects (0ms)
		CreateAndSetChildDomain (22ms)
	RebuildCommonClasses (27ms)
	RebuildNativeTypeToScriptingClass (9ms)
	initialDomainReloadingComplete (51ms)
	LoadAllAssembliesAndSetupDomain (401ms)
		LoadAssemblies (336ms)
		RebuildTransferFunctionScriptingTraits (0ms)
		AnalyzeDomain (157ms)
			TypeCache.Refresh (139ms)
				TypeCache.ScanAssembly (126ms)
			ScanForSourceGeneratedMonoScriptInfo (14ms)
			ResolveRequiredComponents (3ms)
	FinalizeReload (517ms)
		ReleaseScriptCaches (0ms)
		RebuildScriptCaches (0ms)
		SetupLoadedEditorAssemblies (390ms)
			LogAssemblyErrors (0ms)
			InitializePlatformSupportModulesInManaged (15ms)
			SetLoadedEditorAssemblies (3ms)
			RefreshPlugins (0ms)
			BeforeProcessingInitializeOnLoad (71ms)
			ProcessInitializeOnLoadAttributes (274ms)
			ProcessInitializeOnLoadMethodAttributes (15ms)
			AfterProcessingInitializeOnLoad (11ms)
			EditorAssembliesLoaded (0ms)
		ExecutionOrderSort2 (0ms)
		AwakeInstancesAfterBackupRestoration (8ms)
Launched and connected shader compiler UnityShaderCompiler.exe after 0.05 seconds
Refreshing native plugins compatible for Editor in 5.33 ms, found 3 plugins.
Preloading 0 native plugins for Editor in 0.00 ms.
Unloading 3486 Unused Serialized files (Serialized files now loaded: 0)
Unloading 37 unused Assets / (121.8 KB). Loaded Objects now: 3951.
Memory consumption went from 134.0 MB to 133.8 MB.
Total: 3.219800 ms (FindLiveObjects: 0.223700 ms CreateObjectMapping: 0.094400 ms MarkObjects: 2.766500 ms  DeleteObjects: 0.134600 ms)

AssetImportParameters requested are different than current active one (requested -> active):
  custom:container-demuxer-ogg: 62fdf1f143b41e24485cea50d1cbac27 -> 
  custom:video-codec-MediaFoundation-h265: 746d11721c4dcdbdad8f713fa42b33f4 -> 
  custom:video-decoder-ogg-theora: a1e56fd34408186e4bbccfd4996cb3dc -> 
  custom:framework-win-MediaFoundation: 216162199b28c13a410421893ffa2e32 -> 
  custom:CustomObjectIndexerAttribute: 756ad292c208cfabdd7b50bc23989ffe -> 
  custom:container-demuxer-webm: 4f35f7cbe854078d1ac9338744f61a02 -> 
  custom:container-muxer-webm: aa71ff27fc2769a1b78a27578f13a17b -> 
  custom:video-decoder-webm-vp8: 9c59270c3fd7afecdb556c50c9e8de78 -> 
  custom:SearchIndexIgnoredProperties: e643bd26f0fe6173181afceb89e7c659 -> 
  custom:AudioImporter_EditorPlatform: d09bf68614088b80899f8185d706f6e7 -> 
  custom:video-encoder-webm-vp8: eb34c28f22e8b96e1ab97ce403110664 -> 
  custom:audio-decoder-ogg-vorbis: bf7c407c2cedff20999df2af8eb42d56 -> 
  custom:audio-encoder-webm-vorbis: bf7c407c2cedff20999df2af8eb42d56 -> 
========================================================================
Received Import Request.
  Time since last request: 49588.677437 seconds.
  path: Assets/Project2/BigTextures/shelf_standardSurface1_Roughness.png
  artifactKey: Guid(3fd64dcdee8a29348a827431a8148245) Importer(815301076,1909f56bfc062723c751e8b465ee728b)
Start importing Assets/Project2/BigTextures/shelf_standardSurface1_Roughness.png using Guid(3fd64dcdee8a29348a827431a8148245) Importer(815301076,1909f56bfc062723c751e8b465ee728b)  -> (artifact id: 'b3bac380dfc45aa860bac29a07ca552a') in 0.057888 seconds
Number of updated asset objects reloaded before import = 0
Number of asset objects unloaded after import = 2
========================================================================
Received Import Request.
  Time since last request: 0.010371 seconds.
  path: Assets/Project2/BigTextures/stool_standardSurface2_Height.png
  artifactKey: Guid(bd5f0baf2d54cf049835bd0ad64470dd) Importer(815301076,1909f56bfc062723c751e8b465ee728b)
Start importing Assets/Project2/BigTextures/stool_standardSurface2_Height.png using Guid(bd5f0baf2d54cf049835bd0ad64470dd) Importer(815301076,1909f56bfc062723c751e8b465ee728b)  -> (artifact id: 'fcc134e8164cdb38599ed839859fb6c9') in 0.024831 seconds
Number of updated asset objects reloaded before import = 0
Number of asset objects unloaded after import = 2
========================================================================
Received Import Request.
  Time since last request: 0.000018 seconds.
  path: Assets/Project2/BigTextures/stool_standardSurface2_Metallic.png
  artifactKey: Guid(a87bbb47c9bab6b4b83637ace7c035bf) Importer(815301076,1909f56bfc062723c751e8b465ee728b)
Start importing Assets/Project2/BigTextures/stool_standardSurface2_Metallic.png using Guid(a87bbb47c9bab6b4b83637ace7c035bf) Importer(815301076,1909f56bfc062723c751e8b465ee728b)  -> (artifact id: '04721ef28cff6bed1bdcd93b125c7da2') in 0.014181 seconds
Number of updated asset objects reloaded before import = 0
Number of asset objects unloaded after import = 2
========================================================================
Received Import Request.
  Time since last request: 0.000013 seconds.
  path: Assets/Project2/BigTextures/stool_standardSurface2_Normal.png
  artifactKey: Guid(aa985e5f0d8300a4aa909e968f5c2804) Importer(815301076,1909f56bfc062723c751e8b465ee728b)
Start importing Assets/Project2/BigTextures/stool_standardSurface2_Normal.png using Guid(aa985e5f0d8300a4aa909e968f5c2804) Importer(815301076,1909f56bfc062723c751e8b465ee728b)  -> (artifact id: 'ea880ac769648c9f73187e65bf61087c') in 0.016889 seconds
Number of updated asset objects reloaded before import = 0
Number of asset objects unloaded after import = 2
========================================================================
Received Import Request.
  Time since last request: 0.000023 seconds.
  path: Assets/Project2/BigTextures/wardrobe_standardSurface2_BaseColor.png
  artifactKey: Guid(36edfe2609d0dbb479ce941a5f8e26d5) Importer(815301076,1909f56bfc062723c751e8b465ee728b)
Start importing Assets/Project2/BigTextures/wardrobe_standardSurface2_BaseColor.png using Guid(36edfe2609d0dbb479ce941a5f8e26d5) Importer(815301076,1909f56bfc062723c751e8b465ee728b)  -> (artifact id: 'c0ff1906cf8707e192d920168c40a2f5') in 0.016969 seconds
Number of updated asset objects reloaded before import = 0
Number of asset objects unloaded after import = 2
========================================================================
Received Import Request.
  Time since last request: 0.000020 seconds.
  path: Assets/Project2/BigTextures/standardSurface3.mat
  artifactKey: Guid(ec5bb8aea0e1d154ab72204ebda7699a) Importer(815301076,1909f56bfc062723c751e8b465ee728b)
Start importing Assets/Project2/BigTextures/standardSurface3.mat using Guid(ec5bb8aea0e1d154ab72204ebda7699a) Importer(815301076,1909f56bfc062723c751e8b465ee728b)  -> (artifact id: '89cc933350bc736605f316af7b005b56') in 0.066408 seconds
Number of updated asset objects reloaded before import = 0
Number of asset objects unloaded after import = 1
========================================================================
Received Import Request.
  Time since last request: 785.177932 seconds.
  path: Assets/Project2/BigTextures/Materials/curtain_standardSurface4_BaseColor.mat
  artifactKey: Guid(82f4a0420974bc14ab5e1844fc9a8510) Importer(815301076,1909f56bfc062723c751e8b465ee728b)
Start importing Assets/Project2/BigTextures/Materials/curtain_standardSurface4_BaseColor.mat using Guid(82f4a0420974bc14ab5e1844fc9a8510) Importer(815301076,1909f56bfc062723c751e8b465ee728b)  -> (artifact id: '11931ae273bf2003590e1e6ff5750a17') in 0.010058 seconds
Number of updated asset objects reloaded before import = 0
Number of asset objects unloaded after import = 2
========================================================================
Received Import Request.
  Time since last request: 0.000022 seconds.
  path: Assets/Project2/BigTextures/Materials/curtain_standardSurface4_Metallic.mat
  artifactKey: Guid(dca74e6a4e174f6449bee74a8ad01a13) Importer(815301076,1909f56bfc062723c751e8b465ee728b)
Start importing Assets/Project2/BigTextures/Materials/curtain_standardSurface4_Metallic.mat using Guid(dca74e6a4e174f6449bee74a8ad01a13) Importer(815301076,1909f56bfc062723c751e8b465ee728b)  -> (artifact id: 'fca2d147c5ad3c70683e28e951892c8c') in 0.007663 seconds
Number of updated asset objects reloaded before import = 0
Number of asset objects unloaded after import = 2
========================================================================
Received Import Request.
  Time since last request: 35.834564 seconds.
  path: Assets/Project2/BigTextures/Materials/stool_standardSurface2_Height.mat
  artifactKey: Guid(3961036ef70548045893224b69778f44) Importer(815301076,1909f56bfc062723c751e8b465ee728b)
Start importing Assets/Project2/BigTextures/Materials/stool_standardSurface2_Height.mat using Guid(3961036ef70548045893224b69778f44) Importer(815301076,1909f56bfc062723c751e8b465ee728b)  -> (artifact id: '32ee9091bb0b54afb312d46774bdd8a1') in 0.008488 seconds
Number of updated asset objects reloaded before import = 0
Number of asset objects unloaded after import = 2
========================================================================
Received Import Request.
  Time since last request: 4.377791 seconds.
  path: Assets/Project2/BigTextures/Materials/plate_standardSurface2_Height.mat
  artifactKey: Guid(cb1210ec304b64f4baa76e217af07f2b) Importer(815301076,1909f56bfc062723c751e8b465ee728b)
Start importing Assets/Project2/BigTextures/Materials/plate_standardSurface2_Height.mat using Guid(cb1210ec304b64f4baa76e217af07f2b) Importer(815301076,1909f56bfc062723c751e8b465ee728b)  -> (artifact id: 'f8485ce8f1bcb7ba430c1a66451f6a2c') in 0.007484 seconds
Number of updated asset objects reloaded before import = 0
Number of asset objects unloaded after import = 2
========================================================================
Received Import Request.
  Time since last request: 1.209689 seconds.
  path: Assets/Project2/BigTextures/Materials/non-textured picture frame_Default_Material_Normal.mat
  artifactKey: Guid(a0cb6de18a482b34bb79354e80e73441) Importer(815301076,1909f56bfc062723c751e8b465ee728b)
Start importing Assets/Project2/BigTextures/Materials/non-textured picture frame_Default_Material_Normal.mat using Guid(a0cb6de18a482b34bb79354e80e73441) Importer(815301076,1909f56bfc062723c751e8b465ee728b)  -> (artifact id: 'ff405878dc45a345fa806b0be96f7e65') in 0.007836 seconds
Number of updated asset objects reloaded before import = 0
Number of asset objects unloaded after import = 2
========================================================================
Received Prepare
Refreshing native plugins compatible for Editor in 6.81 ms, found 3 plugins.
Preloading 0 native plugins for Editor in 0.00 ms.
Unloading 1 Unused Serialized files (Serialized files now loaded: 0)
Unloading 2 unused Assets / (58.6 KB). Loaded Objects now: 3994.
Memory consumption went from 79.3 MB to 79.2 MB.
Total: 3.771100 ms (FindLiveObjects: 0.268100 ms CreateObjectMapping: 0.221100 ms MarkObjects: 3.189800 ms  DeleteObjects: 0.091200 ms)

Prepare: number of updated asset objects reloaded= 0
AssetImportParameters requested are different than current active one (requested -> active):
  custom:container-demuxer-ogg: 62fdf1f143b41e24485cea50d1cbac27 -> 
  custom:video-codec-MediaFoundation-h265: 746d11721c4dcdbdad8f713fa42b33f4 -> 
  custom:video-decoder-ogg-theora: a1e56fd34408186e4bbccfd4996cb3dc -> 
  custom:framework-win-MediaFoundation: 216162199b28c13a410421893ffa2e32 -> 
  custom:CustomObjectIndexerAttribute: 756ad292c208cfabdd7b50bc23989ffe -> 
  custom:container-demuxer-webm: 4f35f7cbe854078d1ac9338744f61a02 -> 
  custom:container-muxer-webm: aa71ff27fc2769a1b78a27578f13a17b -> 
  custom:video-decoder-webm-vp8: 9c59270c3fd7afecdb556c50c9e8de78 -> 
  custom:SearchIndexIgnoredProperties: e643bd26f0fe6173181afceb89e7c659 -> 
  custom:AudioImporter_EditorPlatform: d09bf68614088b80899f8185d706f6e7 -> 
  custom:video-encoder-webm-vp8: eb34c28f22e8b96e1ab97ce403110664 -> 
  custom:audio-decoder-ogg-vorbis: bf7c407c2cedff20999df2af8eb42d56 -> 
  custom:audio-encoder-webm-vorbis: bf7c407c2cedff20999df2af8eb42d56 -> 
